{"level":"info","message":"Listening on port 8080...","timestamp":"2023-06-22T11:53:25.397Z"}
{"level":"info","message":"Connected to mongodb+srv://tallykota:Spce%401234@cluster0.jwn7gt2.mongodb.net/?retryWrites=true&w=majority...","timestamp":"2023-06-22T11:53:28.809Z"}
{"message":"Unexpected token t in JSON at position 6","stack":"SyntaxError: Unexpected token t in JSON at position 6\n    at JSON.parse (<anonymous>)\n    at parse (/Users/rachitatripathi/Documents/atithi-restaurant/atithi-restaurant-backend/node_modules/body-parser/lib/types/json.js:89:19)\n    at /Users/rachitatripathi/Documents/atithi-restaurant/atithi-restaurant-backend/node_modules/body-parser/lib/read.js:128:18\n    at AsyncResource.runInAsyncScope (node:async_hooks:204:9)\n    at invokeCallback (/Users/rachitatripathi/Documents/atithi-restaurant/atithi-restaurant-backend/node_modules/raw-body/index.js:231:16)\n    at done (/Users/rachitatripathi/Documents/atithi-restaurant/atithi-restaurant-backend/node_modules/raw-body/index.js:220:7)\n    at IncomingMessage.onEnd (/Users/rachitatripathi/Documents/atithi-restaurant/atithi-restaurant-backend/node_modules/raw-body/index.js:280:7)\n    at IncomingMessage.emit (node:events:513:28)\n    at endReadableNT (node:internal/streams/readable:1359:12)\n    at process.processTicksAndRejections (node:internal/process/task_queues:82:21)","expose":true,"statusCode":400,"status":400,"body":"{\n    tableno: 1,\n    status: \"vacant\"\n}","type":"entity.parse.failed","level":"error","timestamp":"2023-06-22T14:25:11.458Z"}
{"level":"info","message":"Listening on port 8080...","timestamp":"2023-06-22T14:34:59.727Z"}
{"level":"info","message":"Connected to mongodb+srv://tallykota:Spce%401234@cluster0.jwn7gt2.mongodb.net/?retryWrites=true&w=majority...","timestamp":"2023-06-22T14:35:02.577Z"}
{"level":"info","message":"Listening on port 8080...","timestamp":"2023-06-22T14:35:39.286Z"}
{"level":"info","message":"Connected to mongodb+srv://tallykota:Spce%401234@cluster0.jwn7gt2.mongodb.net/?retryWrites=true&w=majority...","timestamp":"2023-06-22T14:35:42.093Z"}
{"message":"Unexpected token } in JSON at position 62","stack":"SyntaxError: Unexpected token } in JSON at position 62\n    at JSON.parse (<anonymous>)\n    at parse (/Users/rachitatripathi/Documents/atithi-restaurant/atithi-restaurant-backend/node_modules/body-parser/lib/types/json.js:89:19)\n    at /Users/rachitatripathi/Documents/atithi-restaurant/atithi-restaurant-backend/node_modules/body-parser/lib/read.js:128:18\n    at AsyncResource.runInAsyncScope (node:async_hooks:204:9)\n    at invokeCallback (/Users/rachitatripathi/Documents/atithi-restaurant/atithi-restaurant-backend/node_modules/raw-body/index.js:231:16)\n    at done (/Users/rachitatripathi/Documents/atithi-restaurant/atithi-restaurant-backend/node_modules/raw-body/index.js:220:7)\n    at IncomingMessage.onEnd (/Users/rachitatripathi/Documents/atithi-restaurant/atithi-restaurant-backend/node_modules/raw-body/index.js:280:7)\n    at IncomingMessage.emit (node:events:513:28)\n    at endReadableNT (node:internal/streams/readable:1359:12)\n    at process.processTicksAndRejections (node:internal/process/task_queues:82:21)","expose":true,"statusCode":400,"status":400,"body":"\t\t\t {\n        \"_id\": \"64945c454b347d111b097f22\",\n        \n    }\n\n","type":"entity.parse.failed","level":"error","timestamp":"2023-06-22T14:40:20.816Z"}
{"level":"info","message":"Listening on port 8080...","timestamp":"2023-06-22T14:42:15.111Z"}
{"level":"info","message":"Connected to mongodb+srv://tallykota:Spce%401234@cluster0.jwn7gt2.mongodb.net/?retryWrites=true&w=majority...","timestamp":"2023-06-22T14:42:18.086Z"}
{"level":"info","message":"Listening on port 8080...","timestamp":"2023-06-22T14:42:21.435Z"}
{"level":"info","message":"Connected to mongodb+srv://tallykota:Spce%401234@cluster0.jwn7gt2.mongodb.net/?retryWrites=true&w=majority...","timestamp":"2023-06-22T14:42:24.137Z"}
{"level":"info","message":"Listening on port 8080...","timestamp":"2023-06-22T14:42:29.263Z"}
{"level":"info","message":"Connected to mongodb+srv://tallykota:Spce%401234@cluster0.jwn7gt2.mongodb.net/?retryWrites=true&w=majority...","timestamp":"2023-06-22T14:42:34.467Z"}
{"level":"info","message":"Listening on port 8080...","timestamp":"2023-06-22T14:42:51.728Z"}
{"level":"info","message":"Connected to mongodb+srv://tallykota:Spce%401234@cluster0.jwn7gt2.mongodb.net/?retryWrites=true&w=majority...","timestamp":"2023-06-22T14:42:55.677Z"}
{"level":"info","message":"Listening on port 8080...","timestamp":"2023-06-22T14:43:05.748Z"}
{"level":"info","message":"Listening on port 8080...","timestamp":"2023-06-22T14:43:10.760Z"}
{"level":"info","message":"Listening on port 8080...","timestamp":"2023-06-22T14:43:18.195Z"}
{"level":"info","message":"Listening on port 8080...","timestamp":"2023-06-22T14:43:23.108Z"}
{"level":"info","message":"Connected to mongodb+srv://tallykota:Spce%401234@cluster0.jwn7gt2.mongodb.net/?retryWrites=true&w=majority...","timestamp":"2023-06-22T14:43:26.041Z"}
{"level":"info","message":"Listening on port 8080...","timestamp":"2023-06-22T14:43:46.720Z"}
{"level":"info","message":"Listening on port 8080...","timestamp":"2023-06-22T14:43:48.801Z"}
{"level":"info","message":"Connected to mongodb+srv://tallykota:Spce%401234@cluster0.jwn7gt2.mongodb.net/?retryWrites=true&w=majority...","timestamp":"2023-06-22T14:43:51.970Z"}
{"level":"info","message":"Listening on port 8080...","timestamp":"2023-06-22T14:44:02.785Z"}
{"level":"info","message":"Listening on port 8080...","timestamp":"2023-06-22T14:44:07.988Z"}
{"level":"info","message":"Listening on port 8080...","timestamp":"2023-06-22T14:44:13.051Z"}
{"level":"info","message":"Connected to mongodb+srv://tallykota:Spce%401234@cluster0.jwn7gt2.mongodb.net/?retryWrites=true&w=majority...","timestamp":"2023-06-22T14:44:15.785Z"}
{"level":"info","message":"Listening on port 8080...","timestamp":"2023-06-22T14:44:19.518Z"}
{"level":"info","message":"Connected to mongodb+srv://tallykota:Spce%401234@cluster0.jwn7gt2.mongodb.net/?retryWrites=true&w=majority...","timestamp":"2023-06-22T14:44:22.372Z"}
{"level":"info","message":"Listening on port 8080...","timestamp":"2023-06-22T14:44:25.524Z"}
{"level":"info","message":"Connected to mongodb+srv://tallykota:Spce%401234@cluster0.jwn7gt2.mongodb.net/?retryWrites=true&w=majority...","timestamp":"2023-06-22T14:44:28.645Z"}
{"level":"info","message":"Listening on port 8080...","timestamp":"2023-06-22T14:44:32.370Z"}
{"level":"info","message":"Connected to mongodb+srv://tallykota:Spce%401234@cluster0.jwn7gt2.mongodb.net/?retryWrites=true&w=majority...","timestamp":"2023-06-22T14:44:35.363Z"}
{"level":"info","message":"Listening on port 8080...","timestamp":"2023-06-22T14:44:39.964Z"}
{"level":"info","message":"Connected to mongodb+srv://tallykota:Spce%401234@cluster0.jwn7gt2.mongodb.net/?retryWrites=true&w=majority...","timestamp":"2023-06-22T14:44:42.943Z"}
{"level":"info","message":"Listening on port 8080...","timestamp":"2023-06-22T14:44:46.117Z"}
{"level":"info","message":"Listening on port 8080...","timestamp":"2023-06-22T14:44:51.378Z"}
{"level":"info","message":"Listening on port 8080...","timestamp":"2023-06-22T14:44:57.297Z"}
{"level":"info","message":"Connected to mongodb+srv://tallykota:Spce%401234@cluster0.jwn7gt2.mongodb.net/?retryWrites=true&w=majority...","timestamp":"2023-06-22T14:45:00.071Z"}
{"level":"info","message":"Listening on port 8080...","timestamp":"2023-06-22T14:45:04.505Z"}
{"level":"info","message":"Connected to mongodb+srv://tallykota:Spce%401234@cluster0.jwn7gt2.mongodb.net/?retryWrites=true&w=majority...","timestamp":"2023-06-22T14:45:07.309Z"}
{"level":"info","message":"Listening on port 8080...","timestamp":"2023-06-22T14:45:46.067Z"}
{"level":"info","message":"Connected to mongodb+srv://tallykota:Spce%401234@cluster0.jwn7gt2.mongodb.net/?retryWrites=true&w=majority...","timestamp":"2023-06-22T14:45:48.892Z"}
{"level":"info","message":"Listening on port 8080...","timestamp":"2023-06-22T14:45:55.870Z"}
{"level":"info","message":"Connected to mongodb+srv://tallykota:Spce%401234@cluster0.jwn7gt2.mongodb.net/?retryWrites=true&w=majority...","timestamp":"2023-06-22T14:45:58.810Z"}
{"level":"info","message":"Listening on port 8080...","timestamp":"2023-06-22T14:46:03.009Z"}
{"level":"info","message":"Connected to mongodb+srv://tallykota:Spce%401234@cluster0.jwn7gt2.mongodb.net/?retryWrites=true&w=majority...","timestamp":"2023-06-22T14:46:06.301Z"}
{"level":"info","message":"Listening on port 8080...","timestamp":"2023-06-22T14:46:12.705Z"}
{"level":"info","message":"Connected to mongodb+srv://tallykota:Spce%401234@cluster0.jwn7gt2.mongodb.net/?retryWrites=true&w=majority...","timestamp":"2023-06-22T14:46:16.229Z"}
{"level":"info","message":"Listening on port 8080...","timestamp":"2023-06-22T14:46:54.420Z"}
{"level":"info","message":"Listening on port 8080...","timestamp":"2023-06-22T14:46:58.490Z"}
{"level":"info","message":"Listening on port 8080...","timestamp":"2023-06-22T14:47:01.203Z"}
{"level":"info","message":"Connected to mongodb+srv://tallykota:Spce%401234@cluster0.jwn7gt2.mongodb.net/?retryWrites=true&w=majority...","timestamp":"2023-06-22T14:47:04.769Z"}
{"level":"info","message":"Listening on port 8080...","timestamp":"2023-06-22T14:48:52.312Z"}
{"level":"info","message":"Connected to mongodb+srv://tallykota:Spce%401234@cluster0.jwn7gt2.mongodb.net/?retryWrites=true&w=majority...","timestamp":"2023-06-22T14:48:55.132Z"}
{"level":"info","message":"Listening on port 8080...","timestamp":"2023-06-22T14:48:57.593Z"}
{"level":"info","message":"Listening on port 8080...","timestamp":"2023-06-22T14:48:59.907Z"}
{"level":"info","message":"Connected to mongodb+srv://tallykota:Spce%401234@cluster0.jwn7gt2.mongodb.net/?retryWrites=true&w=majority...","timestamp":"2023-06-22T14:49:02.710Z"}
{"level":"info","message":"Listening on port 8080...","timestamp":"2023-06-22T14:49:17.344Z"}
{"level":"info","message":"Listening on port 8080...","timestamp":"2023-06-22T14:49:20.556Z"}
{"level":"info","message":"Listening on port 8080...","timestamp":"2023-06-22T14:49:23.079Z"}
{"level":"info","message":"Connected to mongodb+srv://tallykota:Spce%401234@cluster0.jwn7gt2.mongodb.net/?retryWrites=true&w=majority...","timestamp":"2023-06-22T14:49:25.949Z"}
{"level":"info","message":"Listening on port 8080...","timestamp":"2023-06-22T14:49:35.992Z"}
{"level":"info","message":"Listening on port 8080...","timestamp":"2023-06-22T14:49:37.293Z"}
{"level":"info","message":"Listening on port 8080...","timestamp":"2023-06-22T14:49:40.402Z"}
{"level":"info","message":"Connected to mongodb+srv://tallykota:Spce%401234@cluster0.jwn7gt2.mongodb.net/?retryWrites=true&w=majority...","timestamp":"2023-06-22T14:49:45.465Z"}
{"level":"info","message":"Listening on port 8080...","timestamp":"2023-06-22T14:49:46.703Z"}
{"level":"info","message":"Listening on port 8080...","timestamp":"2023-06-22T14:49:55.713Z"}
{"level":"info","message":"Connected to mongodb+srv://tallykota:Spce%401234@cluster0.jwn7gt2.mongodb.net/?retryWrites=true&w=majority...","timestamp":"2023-06-22T14:49:58.511Z"}
{"level":"info","message":"Listening on port 8080...","timestamp":"2023-06-22T14:50:00.976Z"}
{"level":"info","message":"Connected to mongodb+srv://tallykota:Spce%401234@cluster0.jwn7gt2.mongodb.net/?retryWrites=true&w=majority...","timestamp":"2023-06-22T14:50:03.938Z"}
{"level":"info","message":"Listening on port 8080...","timestamp":"2023-06-22T14:50:08.967Z"}
{"level":"info","message":"Connected to mongodb+srv://tallykota:Spce%401234@cluster0.jwn7gt2.mongodb.net/?retryWrites=true&w=majority...","timestamp":"2023-06-22T14:50:12.255Z"}
{"level":"info","message":"Listening on port 8080...","timestamp":"2023-06-22T14:50:21.621Z"}
{"level":"info","message":"Listening on port 8080...","timestamp":"2023-06-22T14:50:25.421Z"}
{"level":"info","message":"Listening on port 8080...","timestamp":"2023-06-22T14:50:30.389Z"}
{"level":"info","message":"Listening on port 8080...","timestamp":"2023-06-22T14:50:36.348Z"}
{"level":"info","message":"Connected to mongodb+srv://tallykota:Spce%401234@cluster0.jwn7gt2.mongodb.net/?retryWrites=true&w=majority...","timestamp":"2023-06-22T14:50:39.474Z"}
{"level":"info","message":"Listening on port 8080...","timestamp":"2023-06-22T14:50:47.399Z"}
{"level":"info","message":"Listening on port 8080...","timestamp":"2023-06-22T14:50:50.799Z"}
{"level":"info","message":"Listening on port 8080...","timestamp":"2023-06-22T14:50:57.246Z"}
{"level":"info","message":"Connected to mongodb+srv://tallykota:Spce%401234@cluster0.jwn7gt2.mongodb.net/?retryWrites=true&w=majority...","timestamp":"2023-06-22T14:51:00.359Z"}
{"level":"info","message":"Listening on port 8080...","timestamp":"2023-06-22T14:51:08.885Z"}
{"level":"info","message":"Listening on port 8080...","timestamp":"2023-06-22T14:51:12.794Z"}
{"level":"info","message":"Listening on port 8080...","timestamp":"2023-06-22T14:51:15.366Z"}
{"level":"info","message":"Listening on port 8080...","timestamp":"2023-06-22T14:51:21.336Z"}
{"level":"info","message":"Listening on port 8080...","timestamp":"2023-06-22T14:51:27.819Z"}
{"level":"info","message":"Connected to mongodb+srv://tallykota:Spce%401234@cluster0.jwn7gt2.mongodb.net/?retryWrites=true&w=majority...","timestamp":"2023-06-22T14:51:30.884Z"}
{"level":"info","message":"Listening on port 8080...","timestamp":"2023-06-22T14:52:10.678Z"}
{"level":"info","message":"Connected to mongodb+srv://tallykota:Spce%401234@cluster0.jwn7gt2.mongodb.net/?retryWrites=true&w=majority...","timestamp":"2023-06-22T14:52:13.472Z"}
{"level":"info","message":"Listening on port 8080...","timestamp":"2023-06-22T14:52:20.318Z"}
{"level":"info","message":"Connected to mongodb+srv://tallykota:Spce%401234@cluster0.jwn7gt2.mongodb.net/?retryWrites=true&w=majority...","timestamp":"2023-06-22T14:52:23.193Z"}
{"level":"info","message":"Listening on port 8080...","timestamp":"2023-06-22T14:52:26.885Z"}
{"level":"info","message":"Connected to mongodb+srv://tallykota:Spce%401234@cluster0.jwn7gt2.mongodb.net/?retryWrites=true&w=majority...","timestamp":"2023-06-22T14:52:29.854Z"}
{"level":"info","message":"Listening on port 8080...","timestamp":"2023-06-22T14:52:33.498Z"}
{"level":"info","message":"Listening on port 8080...","timestamp":"2023-06-22T14:52:36.381Z"}
{"level":"info","message":"Listening on port 8080...","timestamp":"2023-06-22T14:52:40.385Z"}
{"level":"info","message":"Listening on port 8080...","timestamp":"2023-06-22T14:52:42.762Z"}
{"level":"info","message":"Listening on port 8080...","timestamp":"2023-06-22T14:52:46.734Z"}
{"level":"info","message":"Connected to mongodb+srv://tallykota:Spce%401234@cluster0.jwn7gt2.mongodb.net/?retryWrites=true&w=majority...","timestamp":"2023-06-22T14:52:49.338Z"}
{"level":"info","message":"Listening on port 8080...","timestamp":"2023-06-22T14:52:52.841Z"}
{"level":"info","message":"Listening on port 8080...","timestamp":"2023-06-22T14:52:56.380Z"}
{"level":"info","message":"Listening on port 8080...","timestamp":"2023-06-22T14:52:59.128Z"}
{"level":"info","message":"Listening on port 8080...","timestamp":"2023-06-22T14:53:03.216Z"}
{"level":"info","message":"Listening on port 8080...","timestamp":"2023-06-22T14:53:06.412Z"}
{"level":"info","message":"Listening on port 8080...","timestamp":"2023-06-22T14:53:10.541Z"}
{"level":"info","message":"Connected to mongodb+srv://tallykota:Spce%401234@cluster0.jwn7gt2.mongodb.net/?retryWrites=true&w=majority...","timestamp":"2023-06-22T14:53:13.264Z"}
{"level":"info","message":"Listening on port 8080...","timestamp":"2023-06-22T14:53:22.244Z"}
{"level":"info","message":"Connected to mongodb+srv://tallykota:Spce%401234@cluster0.jwn7gt2.mongodb.net/?retryWrites=true&w=majority...","timestamp":"2023-06-22T14:53:25.551Z"}
{"level":"info","message":"Listening on port 8080...","timestamp":"2023-06-22T14:53:28.595Z"}
{"level":"info","message":"Listening on port 8080...","timestamp":"2023-06-22T14:53:32.381Z"}
{"level":"info","message":"Connected to mongodb+srv://tallykota:Spce%401234@cluster0.jwn7gt2.mongodb.net/?retryWrites=true&w=majority...","timestamp":"2023-06-22T14:53:35.184Z"}
{"level":"info","message":"Listening on port 8080...","timestamp":"2023-06-22T14:53:40.732Z"}
{"level":"info","message":"Connected to mongodb+srv://tallykota:Spce%401234@cluster0.jwn7gt2.mongodb.net/?retryWrites=true&w=majority...","timestamp":"2023-06-22T14:53:43.662Z"}
{"level":"info","message":"Listening on port 8080...","timestamp":"2023-06-22T14:53:48.816Z"}
{"level":"info","message":"Connected to mongodb+srv://tallykota:Spce%401234@cluster0.jwn7gt2.mongodb.net/?retryWrites=true&w=majority...","timestamp":"2023-06-22T14:53:51.865Z"}
{"level":"info","message":"Listening on port 8080...","timestamp":"2023-06-22T14:53:55.776Z"}
{"level":"info","message":"Connected to mongodb+srv://tallykota:Spce%401234@cluster0.jwn7gt2.mongodb.net/?retryWrites=true&w=majority...","timestamp":"2023-06-22T14:53:58.683Z"}
{"level":"info","message":"Listening on port 8080...","timestamp":"2023-06-22T14:54:02.912Z"}
{"level":"info","message":"Listening on port 8080...","timestamp":"2023-06-22T14:54:07.711Z"}
{"level":"info","message":"Connected to mongodb+srv://tallykota:Spce%401234@cluster0.jwn7gt2.mongodb.net/?retryWrites=true&w=majority...","timestamp":"2023-06-22T14:54:10.603Z"}
{"level":"info","message":"Listening on port 8080...","timestamp":"2023-06-22T14:54:13.065Z"}
{"level":"info","message":"Listening on port 8080...","timestamp":"2023-06-22T14:54:17.788Z"}
{"level":"info","message":"Connected to mongodb+srv://tallykota:Spce%401234@cluster0.jwn7gt2.mongodb.net/?retryWrites=true&w=majority...","timestamp":"2023-06-22T14:54:20.335Z"}
{"level":"info","message":"Listening on port 8080...","timestamp":"2023-06-22T14:54:22.610Z"}
{"level":"info","message":"Connected to mongodb+srv://tallykota:Spce%401234@cluster0.jwn7gt2.mongodb.net/?retryWrites=true&w=majority...","timestamp":"2023-06-22T14:54:25.883Z"}
{"level":"info","message":"Listening on port 8080...","timestamp":"2023-06-22T14:54:50.347Z"}
{"level":"info","message":"Listening on port 8080...","timestamp":"2023-06-22T14:54:51.563Z"}
{"level":"info","message":"Connected to mongodb+srv://tallykota:Spce%401234@cluster0.jwn7gt2.mongodb.net/?retryWrites=true&w=majority...","timestamp":"2023-06-22T14:54:54.541Z"}
{"level":"info","message":"Listening on port 8080...","timestamp":"2023-06-22T14:54:59.655Z"}
{"level":"info","message":"Listening on port 8080...","timestamp":"2023-06-22T14:55:02.303Z"}
{"level":"info","message":"Listening on port 8080...","timestamp":"2023-06-22T14:55:04.145Z"}
{"level":"info","message":"Listening on port 8080...","timestamp":"2023-06-22T14:55:05.582Z"}
{"level":"info","message":"Connected to mongodb+srv://tallykota:Spce%401234@cluster0.jwn7gt2.mongodb.net/?retryWrites=true&w=majority...","timestamp":"2023-06-22T14:55:08.658Z"}
{"level":"info","message":"Listening on port 8080...","timestamp":"2023-06-22T14:55:21.820Z"}
{"level":"info","message":"Listening on port 8080...","timestamp":"2023-06-22T14:55:25.803Z"}
{"level":"info","message":"Connected to mongodb+srv://tallykota:Spce%401234@cluster0.jwn7gt2.mongodb.net/?retryWrites=true&w=majority...","timestamp":"2023-06-22T14:55:29.443Z"}
{"level":"info","message":"Listening on port 8080...","timestamp":"2023-06-22T14:55:34.990Z"}
{"level":"info","message":"Listening on port 8080...","timestamp":"2023-06-22T14:55:39.191Z"}
{"level":"info","message":"Listening on port 8080...","timestamp":"2023-06-22T14:55:40.851Z"}
{"level":"info","message":"Connected to mongodb+srv://tallykota:Spce%401234@cluster0.jwn7gt2.mongodb.net/?retryWrites=true&w=majority...","timestamp":"2023-06-22T14:55:43.887Z"}
{"level":"info","message":"Listening on port 8080...","timestamp":"2023-06-22T14:55:46.002Z"}
{"level":"info","message":"Connected to mongodb+srv://tallykota:Spce%401234@cluster0.jwn7gt2.mongodb.net/?retryWrites=true&w=majority...","timestamp":"2023-06-22T14:55:49.105Z"}
{"level":"info","message":"Listening on port 8080...","timestamp":"2023-06-22T14:55:52.653Z"}
{"level":"info","message":"Listening on port 8080...","timestamp":"2023-06-22T14:55:54.301Z"}
{"level":"info","message":"Connected to mongodb+srv://tallykota:Spce%401234@cluster0.jwn7gt2.mongodb.net/?retryWrites=true&w=majority...","timestamp":"2023-06-22T14:55:57.437Z"}
{"level":"info","message":"Listening on port 8080...","timestamp":"2023-06-22T14:56:04.348Z"}
{"level":"info","message":"Listening on port 8080...","timestamp":"2023-06-22T14:56:09.985Z"}
{"level":"info","message":"Listening on port 8080...","timestamp":"2023-06-22T14:56:14.417Z"}
{"level":"info","message":"Listening on port 8080...","timestamp":"2023-06-22T14:56:16.104Z"}
{"level":"info","message":"Connected to mongodb+srv://tallykota:Spce%401234@cluster0.jwn7gt2.mongodb.net/?retryWrites=true&w=majority...","timestamp":"2023-06-22T14:56:19.007Z"}
{"level":"info","message":"Listening on port 8080...","timestamp":"2023-06-22T14:56:25.323Z"}
{"level":"info","message":"Connected to mongodb+srv://tallykota:Spce%401234@cluster0.jwn7gt2.mongodb.net/?retryWrites=true&w=majority...","timestamp":"2023-06-22T14:56:28.125Z"}
{"level":"info","message":"Listening on port 8080...","timestamp":"2023-06-22T14:56:51.533Z"}
{"level":"info","message":"Connected to mongodb+srv://tallykota:Spce%401234@cluster0.jwn7gt2.mongodb.net/?retryWrites=true&w=majority...","timestamp":"2023-06-22T14:56:54.232Z"}
{"level":"info","message":"Listening on port 8080...","timestamp":"2023-06-22T14:57:01.674Z"}
{"level":"info","message":"Connected to mongodb+srv://tallykota:Spce%401234@cluster0.jwn7gt2.mongodb.net/?retryWrites=true&w=majority...","timestamp":"2023-06-22T14:57:04.590Z"}
{"level":"info","message":"Listening on port 8080...","timestamp":"2023-06-22T14:57:08.290Z"}
{"level":"info","message":"Listening on port 8080...","timestamp":"2023-06-22T14:57:12.123Z"}
{"level":"info","message":"Connected to mongodb+srv://tallykota:Spce%401234@cluster0.jwn7gt2.mongodb.net/?retryWrites=true&w=majority...","timestamp":"2023-06-22T14:57:15.558Z"}
{"level":"info","message":"Listening on port 8080...","timestamp":"2023-06-22T14:57:18.069Z"}
{"level":"info","message":"Listening on port 8080...","timestamp":"2023-06-22T14:57:23.451Z"}
{"level":"info","message":"Listening on port 8080...","timestamp":"2023-06-22T14:57:27.356Z"}
{"level":"info","message":"Listening on port 8080...","timestamp":"2023-06-22T14:57:32.440Z"}
{"level":"info","message":"Listening on port 8080...","timestamp":"2023-06-22T14:57:36.233Z"}
{"level":"info","message":"Connected to mongodb+srv://tallykota:Spce%401234@cluster0.jwn7gt2.mongodb.net/?retryWrites=true&w=majority...","timestamp":"2023-06-22T14:57:39.691Z"}
{"level":"info","message":"Listening on port 8080...","timestamp":"2023-06-22T14:57:45.310Z"}
{"level":"info","message":"Listening on port 8080...","timestamp":"2023-06-22T14:57:49.921Z"}
{"level":"info","message":"Connected to mongodb+srv://tallykota:Spce%401234@cluster0.jwn7gt2.mongodb.net/?retryWrites=true&w=majority...","timestamp":"2023-06-22T14:57:52.693Z"}
{"level":"info","message":"Listening on port 8080...","timestamp":"2023-06-22T14:57:56.662Z"}
{"level":"info","message":"Listening on port 8080...","timestamp":"2023-06-22T14:58:01.973Z"}
{"level":"info","message":"Listening on port 8080...","timestamp":"2023-06-22T14:58:06.584Z"}
{"level":"info","message":"Listening on port 8080...","timestamp":"2023-06-22T14:58:10.096Z"}
{"level":"info","message":"Listening on port 8080...","timestamp":"2023-06-22T14:58:15.929Z"}
{"level":"info","message":"Connected to mongodb+srv://tallykota:Spce%401234@cluster0.jwn7gt2.mongodb.net/?retryWrites=true&w=majority...","timestamp":"2023-06-22T14:58:19.729Z"}
{"level":"info","message":"Listening on port 8080...","timestamp":"2023-06-22T14:58:52.357Z"}
{"level":"info","message":"Connected to mongodb+srv://tallykota:Spce%401234@cluster0.jwn7gt2.mongodb.net/?retryWrites=true&w=majority...","timestamp":"2023-06-22T14:58:55.183Z"}
{"level":"info","message":"Listening on port 8080...","timestamp":"2023-06-22T14:59:02.669Z"}
{"level":"info","message":"Connected to mongodb+srv://tallykota:Spce%401234@cluster0.jwn7gt2.mongodb.net/?retryWrites=true&w=majority...","timestamp":"2023-06-22T14:59:05.913Z"}
{"level":"info","message":"Listening on port 8080...","timestamp":"2023-06-22T14:59:10.193Z"}
{"level":"info","message":"Connected to mongodb+srv://tallykota:Spce%401234@cluster0.jwn7gt2.mongodb.net/?retryWrites=true&w=majority...","timestamp":"2023-06-22T14:59:13.274Z"}
{"level":"info","message":"Listening on port 8080...","timestamp":"2023-06-22T15:02:31.834Z"}
{"level":"info","message":"Listening on port 8080...","timestamp":"2023-06-22T15:02:34.616Z"}
{"level":"info","message":"Connected to mongodb+srv://tallykota:Spce%401234@cluster0.jwn7gt2.mongodb.net/?retryWrites=true&w=majority...","timestamp":"2023-06-22T15:02:37.346Z"}
{"level":"info","message":"Listening on port 8080...","timestamp":"2023-06-22T15:02:46.119Z"}
{"level":"info","message":"Listening on port 8080...","timestamp":"2023-06-22T15:02:49.523Z"}
{"level":"info","message":"Listening on port 8080...","timestamp":"2023-06-22T15:02:52.740Z"}
{"level":"info","message":"Connected to mongodb+srv://tallykota:Spce%401234@cluster0.jwn7gt2.mongodb.net/?retryWrites=true&w=majority...","timestamp":"2023-06-22T15:02:55.875Z"}
{"level":"info","message":"Listening on port 8080...","timestamp":"2023-06-22T15:02:57.785Z"}
{"level":"info","message":"Listening on port 8080...","timestamp":"2023-06-22T15:02:58.970Z"}
{"level":"info","message":"Listening on port 8080...","timestamp":"2023-06-22T15:03:00.722Z"}
{"level":"info","message":"Connected to mongodb+srv://tallykota:Spce%401234@cluster0.jwn7gt2.mongodb.net/?retryWrites=true&w=majority...","timestamp":"2023-06-22T15:03:03.663Z"}
{"level":"info","message":"Listening on port 8080...","timestamp":"2023-06-22T15:03:14.768Z"}
{"level":"info","message":"Connected to mongodb+srv://tallykota:Spce%401234@cluster0.jwn7gt2.mongodb.net/?retryWrites=true&w=majority...","timestamp":"2023-06-22T15:03:17.481Z"}
{"level":"info","message":"Listening on port 8080...","timestamp":"2023-06-22T15:03:39.559Z"}
{"level":"info","message":"Connected to mongodb+srv://tallykota:Spce%401234@cluster0.jwn7gt2.mongodb.net/?retryWrites=true&w=majority...","timestamp":"2023-06-22T15:03:42.363Z"}
{"level":"info","message":"Listening on port 8080...","timestamp":"2023-06-22T15:04:45.953Z"}
{"level":"info","message":"Connected to mongodb+srv://tallykota:Spce%401234@cluster0.jwn7gt2.mongodb.net/?retryWrites=true&w=majority...","timestamp":"2023-06-22T15:04:48.920Z"}
{"level":"info","message":"Listening on port 8080...","timestamp":"2023-06-22T15:04:57.648Z"}
{"level":"info","message":"Connected to mongodb+srv://tallykota:Spce%401234@cluster0.jwn7gt2.mongodb.net/?retryWrites=true&w=majority...","timestamp":"2023-06-22T15:05:00.605Z"}
{"level":"info","message":"Listening on port 8080...","timestamp":"2023-06-22T15:05:04.508Z"}
{"level":"info","message":"Connected to mongodb+srv://tallykota:Spce%401234@cluster0.jwn7gt2.mongodb.net/?retryWrites=true&w=majority...","timestamp":"2023-06-22T15:05:07.451Z"}
{"level":"info","message":"Listening on port 8080...","timestamp":"2023-06-22T15:05:27.965Z"}
{"level":"info","message":"Connected to mongodb+srv://tallykota:Spce%401234@cluster0.jwn7gt2.mongodb.net/?retryWrites=true&w=majority...","timestamp":"2023-06-22T15:05:30.909Z"}
{"level":"info","message":"Listening on port 8080...","timestamp":"2023-06-22T15:05:34.005Z"}
{"level":"info","message":"Connected to mongodb+srv://tallykota:Spce%401234@cluster0.jwn7gt2.mongodb.net/?retryWrites=true&w=majority...","timestamp":"2023-06-22T15:05:37.043Z"}
{"level":"info","message":"Listening on port 8080...","timestamp":"2023-06-22T15:05:42.837Z"}
{"level":"info","message":"Listening on port 8080...","timestamp":"2023-06-22T15:05:45.479Z"}
{"level":"info","message":"Listening on port 8080...","timestamp":"2023-06-22T15:05:48.611Z"}
{"level":"info","message":"Connected to mongodb+srv://tallykota:Spce%401234@cluster0.jwn7gt2.mongodb.net/?retryWrites=true&w=majority...","timestamp":"2023-06-22T15:05:51.888Z"}
{"level":"info","message":"Listening on port 8080...","timestamp":"2023-06-22T15:06:01.804Z"}
{"level":"info","message":"Listening on port 8080...","timestamp":"2023-06-22T15:06:05.800Z"}
{"level":"info","message":"Listening on port 8080...","timestamp":"2023-06-22T15:06:10.979Z"}
{"level":"info","message":"Connected to mongodb+srv://tallykota:Spce%401234@cluster0.jwn7gt2.mongodb.net/?retryWrites=true&w=majority...","timestamp":"2023-06-22T15:06:14.015Z"}
{"level":"info","message":"Listening on port 8080...","timestamp":"2023-06-22T15:06:18.660Z"}
{"level":"info","message":"Connected to mongodb+srv://tallykota:Spce%401234@cluster0.jwn7gt2.mongodb.net/?retryWrites=true&w=majority...","timestamp":"2023-06-22T15:06:21.501Z"}
{"level":"info","message":"Listening on port 8080...","timestamp":"2023-06-22T15:06:31.579Z"}
{"level":"info","message":"Listening on port 8080...","timestamp":"2023-06-22T15:06:34.659Z"}
{"level":"info","message":"Listening on port 8080...","timestamp":"2023-06-22T15:06:43.294Z"}
{"level":"info","message":"Listening on port 8080...","timestamp":"2023-06-22T15:06:45.171Z"}
{"level":"info","message":"Listening on port 8080...","timestamp":"2023-06-22T15:06:48.566Z"}
{"level":"info","message":"Listening on port 8080...","timestamp":"2023-06-22T15:06:52.259Z"}
{"level":"info","message":"Listening on port 8080...","timestamp":"2023-06-22T15:07:00.253Z"}
{"level":"info","message":"Listening on port 8080...","timestamp":"2023-06-22T15:07:08.252Z"}
{"level":"info","message":"Listening on port 8080...","timestamp":"2023-06-22T15:07:10.972Z"}
{"level":"info","message":"Connected to mongodb+srv://tallykota:Spce%401234@cluster0.jwn7gt2.mongodb.net/?retryWrites=true&w=majority...","timestamp":"2023-06-22T15:07:14.213Z"}
{"level":"info","message":"Listening on port 8080...","timestamp":"2023-06-22T15:07:26.132Z"}
{"level":"info","message":"Listening on port 8080...","timestamp":"2023-06-22T15:07:28.554Z"}
{"level":"info","message":"Listening on port 8080...","timestamp":"2023-06-22T15:07:31.751Z"}
{"level":"info","message":"Connected to mongodb+srv://tallykota:Spce%401234@cluster0.jwn7gt2.mongodb.net/?retryWrites=true&w=majority...","timestamp":"2023-06-22T15:07:34.589Z"}
{"level":"info","message":"Listening on port 8080...","timestamp":"2023-06-22T15:07:41.458Z"}
{"level":"info","message":"Connected to mongodb+srv://tallykota:Spce%401234@cluster0.jwn7gt2.mongodb.net/?retryWrites=true&w=majority...","timestamp":"2023-06-22T15:07:44.931Z"}
{"level":"info","message":"Listening on port 8080...","timestamp":"2023-06-22T15:07:53.645Z"}
{"level":"info","message":"Listening on port 8080...","timestamp":"2023-06-22T15:07:55.638Z"}
{"level":"info","message":"Connected to mongodb+srv://tallykota:Spce%401234@cluster0.jwn7gt2.mongodb.net/?retryWrites=true&w=majority...","timestamp":"2023-06-22T15:07:58.651Z"}
{"level":"info","message":"Listening on port 8080...","timestamp":"2023-06-22T15:08:05.377Z"}
{"level":"info","message":"Listening on port 8080...","timestamp":"2023-06-22T15:08:07.349Z"}
{"level":"info","message":"Listening on port 8080...","timestamp":"2023-06-22T15:08:10.911Z"}
{"level":"info","message":"Listening on port 8080...","timestamp":"2023-06-22T15:08:16.129Z"}
{"level":"info","message":"Listening on port 8080...","timestamp":"2023-06-22T15:08:21.264Z"}
{"level":"info","message":"Listening on port 8080...","timestamp":"2023-06-22T15:08:25.642Z"}
{"level":"info","message":"Connected to mongodb+srv://tallykota:Spce%401234@cluster0.jwn7gt2.mongodb.net/?retryWrites=true&w=majority...","timestamp":"2023-06-22T15:08:28.972Z"}
{"level":"info","message":"Listening on port 8080...","timestamp":"2023-06-22T15:08:33.295Z"}
{"level":"info","message":"Connected to mongodb+srv://tallykota:Spce%401234@cluster0.jwn7gt2.mongodb.net/?retryWrites=true&w=majority...","timestamp":"2023-06-22T15:08:36.240Z"}
{"level":"info","message":"Listening on port 8080...","timestamp":"2023-06-22T15:08:39.902Z"}
{"level":"info","message":"Listening on port 8080...","timestamp":"2023-06-22T15:08:42.156Z"}
{"level":"info","message":"Listening on port 8080...","timestamp":"2023-06-22T15:08:54.797Z"}
{"level":"info","message":"Listening on port 8080...","timestamp":"2023-06-22T15:08:56.961Z"}
{"level":"info","message":"Listening on port 8080...","timestamp":"2023-06-22T15:09:07.559Z"}
{"level":"info","message":"Listening on port 8080...","timestamp":"2023-06-22T15:09:18.554Z"}
{"level":"info","message":"Listening on port 8080...","timestamp":"2023-06-22T15:09:20.354Z"}
{"level":"info","message":"Connected to mongodb+srv://tallykota:Spce%401234@cluster0.jwn7gt2.mongodb.net/?retryWrites=true&w=majority...","timestamp":"2023-06-22T15:09:23.535Z"}
{"level":"info","message":"Listening on port 8080...","timestamp":"2023-06-22T15:09:28.331Z"}
{"level":"info","message":"Connected to mongodb+srv://tallykota:Spce%401234@cluster0.jwn7gt2.mongodb.net/?retryWrites=true&w=majority...","timestamp":"2023-06-22T15:09:31.625Z"}
{"level":"info","message":"Listening on port 8080...","timestamp":"2023-06-22T15:09:39.213Z"}
{"level":"info","message":"Connected to mongodb+srv://tallykota:Spce%401234@cluster0.jwn7gt2.mongodb.net/?retryWrites=true&w=majority...","timestamp":"2023-06-22T15:09:41.694Z"}
{"level":"info","message":"Listening on port 8080...","timestamp":"2023-06-22T15:09:47.635Z"}
{"level":"info","message":"Listening on port 8080...","timestamp":"2023-06-22T15:09:51.015Z"}
{"level":"info","message":"Listening on port 8080...","timestamp":"2023-06-22T15:09:52.934Z"}
{"level":"info","message":"Connected to mongodb+srv://tallykota:Spce%401234@cluster0.jwn7gt2.mongodb.net/?retryWrites=true&w=majority...","timestamp":"2023-06-22T15:09:55.481Z"}
{"level":"info","message":"Listening on port 8080...","timestamp":"2023-06-22T15:10:04.533Z"}
{"level":"info","message":"Connected to mongodb+srv://tallykota:Spce%401234@cluster0.jwn7gt2.mongodb.net/?retryWrites=true&w=majority...","timestamp":"2023-06-22T15:10:07.314Z"}
{"level":"info","message":"Listening on port 8080...","timestamp":"2023-06-22T15:10:28.778Z"}
{"level":"info","message":"Listening on port 8080...","timestamp":"2023-06-22T15:10:32.413Z"}
{"level":"info","message":"Listening on port 8080...","timestamp":"2023-06-22T15:10:34.089Z"}
{"level":"info","message":"Connected to mongodb+srv://tallykota:Spce%401234@cluster0.jwn7gt2.mongodb.net/?retryWrites=true&w=majority...","timestamp":"2023-06-22T15:10:39.514Z"}
{"level":"info","message":"Listening on port 8080...","timestamp":"2023-06-22T15:10:47.716Z"}
{"level":"info","message":"Listening on port 8080...","timestamp":"2023-06-22T15:10:49.463Z"}
{"level":"info","message":"Connected to mongodb+srv://tallykota:Spce%401234@cluster0.jwn7gt2.mongodb.net/?retryWrites=true&w=majority...","timestamp":"2023-06-22T15:10:52.539Z"}
{"level":"info","message":"Listening on port 8080...","timestamp":"2023-06-22T15:10:55.438Z"}
{"level":"info","message":"Listening on port 8080...","timestamp":"2023-06-22T15:10:59.646Z"}
{"level":"info","message":"Listening on port 8080...","timestamp":"2023-06-22T15:11:03.342Z"}
{"level":"info","message":"Listening on port 8080...","timestamp":"2023-06-22T15:11:06.313Z"}
{"level":"info","message":"Listening on port 8080...","timestamp":"2023-06-22T15:11:10.048Z"}
{"level":"info","message":"Listening on port 8080...","timestamp":"2023-06-22T15:11:12.613Z"}
{"level":"info","message":"Connected to mongodb+srv://tallykota:Spce%401234@cluster0.jwn7gt2.mongodb.net/?retryWrites=true&w=majority...","timestamp":"2023-06-22T15:11:15.863Z"}
{"level":"info","message":"Listening on port 8080...","timestamp":"2023-06-22T15:11:19.593Z"}
{"level":"info","message":"Connected to mongodb+srv://tallykota:Spce%401234@cluster0.jwn7gt2.mongodb.net/?retryWrites=true&w=majority...","timestamp":"2023-06-22T15:11:22.208Z"}
{"level":"info","message":"Listening on port 8080...","timestamp":"2023-06-22T15:11:25.177Z"}
{"level":"info","message":"Listening on port 8080...","timestamp":"2023-06-22T15:11:29.931Z"}
{"level":"info","message":"Connected to mongodb+srv://tallykota:Spce%401234@cluster0.jwn7gt2.mongodb.net/?retryWrites=true&w=majority...","timestamp":"2023-06-22T15:11:32.686Z"}
{"level":"info","message":"Listening on port 8080...","timestamp":"2023-06-22T15:11:45.620Z"}
{"level":"info","message":"Listening on port 8080...","timestamp":"2023-06-22T15:11:48.680Z"}
{"level":"info","message":"Listening on port 8080...","timestamp":"2023-06-22T15:11:49.891Z"}
{"level":"info","message":"Listening on port 8080...","timestamp":"2023-06-22T15:11:52.701Z"}
{"level":"info","message":"Connected to mongodb+srv://tallykota:Spce%401234@cluster0.jwn7gt2.mongodb.net/?retryWrites=true&w=majority...","timestamp":"2023-06-22T15:11:55.507Z"}
{"level":"info","message":"Listening on port 8080...","timestamp":"2023-06-22T15:11:57.753Z"}
{"level":"info","message":"Listening on port 8080...","timestamp":"2023-06-22T15:11:59.192Z"}
{"level":"info","message":"Listening on port 8080...","timestamp":"2023-06-22T15:12:03.576Z"}
{"level":"info","message":"Listening on port 8080...","timestamp":"2023-06-22T15:12:06.412Z"}
{"level":"info","message":"Listening on port 8080...","timestamp":"2023-06-22T15:12:09.514Z"}
{"level":"info","message":"Connected to mongodb+srv://tallykota:Spce%401234@cluster0.jwn7gt2.mongodb.net/?retryWrites=true&w=majority...","timestamp":"2023-06-22T15:12:12.383Z"}
{"level":"info","message":"Listening on port 8080...","timestamp":"2023-06-22T15:12:15.130Z"}
{"level":"info","message":"Connected to mongodb+srv://tallykota:Spce%401234@cluster0.jwn7gt2.mongodb.net/?retryWrites=true&w=majority...","timestamp":"2023-06-22T15:12:17.909Z"}
{"level":"info","message":"Listening on port 8080...","timestamp":"2023-06-22T15:12:26.538Z"}
{"level":"info","message":"Listening on port 8080...","timestamp":"2023-06-22T15:12:28.805Z"}
{"level":"info","message":"Connected to mongodb+srv://tallykota:Spce%401234@cluster0.jwn7gt2.mongodb.net/?retryWrites=true&w=majority...","timestamp":"2023-06-22T15:12:31.636Z"}
{"level":"info","message":"Listening on port 8080...","timestamp":"2023-06-22T15:12:33.037Z"}
{"level":"info","message":"Connected to mongodb+srv://tallykota:Spce%401234@cluster0.jwn7gt2.mongodb.net/?retryWrites=true&w=majority...","timestamp":"2023-06-22T15:12:35.830Z"}
{"level":"info","message":"Listening on port 8080...","timestamp":"2023-06-22T15:12:56.227Z"}
{"level":"info","message":"Listening on port 8080...","timestamp":"2023-06-22T15:12:58.057Z"}
{"level":"info","message":"Listening on port 8080...","timestamp":"2023-06-22T15:13:02.828Z"}
{"level":"info","message":"Listening on port 8080...","timestamp":"2023-06-22T15:13:04.599Z"}
{"level":"info","message":"Listening on port 8080...","timestamp":"2023-06-22T15:13:09.672Z"}
{"level":"info","message":"Listening on port 8080...","timestamp":"2023-06-22T15:13:12.852Z"}
{"level":"info","message":"Connected to mongodb+srv://tallykota:Spce%401234@cluster0.jwn7gt2.mongodb.net/?retryWrites=true&w=majority...","timestamp":"2023-06-22T15:13:15.658Z"}
{"level":"info","message":"Listening on port 8080...","timestamp":"2023-06-22T15:13:25.877Z"}
{"level":"info","message":"Listening on port 8080...","timestamp":"2023-06-22T15:13:29.704Z"}
{"level":"info","message":"Listening on port 8080...","timestamp":"2023-06-22T15:13:35.919Z"}
{"level":"info","message":"Listening on port 8080...","timestamp":"2023-06-22T15:13:38.199Z"}
{"level":"info","message":"Listening on port 8080...","timestamp":"2023-06-22T15:13:42.545Z"}
{"level":"info","message":"Connected to mongodb+srv://tallykota:Spce%401234@cluster0.jwn7gt2.mongodb.net/?retryWrites=true&w=majority...","timestamp":"2023-06-22T15:13:45.557Z"}
{"level":"info","message":"Listening on port 8080...","timestamp":"2023-06-22T15:13:51.729Z"}
{"level":"info","message":"Listening on port 8080...","timestamp":"2023-06-22T15:13:57.570Z"}
{"level":"info","message":"Listening on port 8080...","timestamp":"2023-06-22T15:14:02.939Z"}
{"level":"info","message":"Listening on port 8080...","timestamp":"2023-06-22T15:14:08.388Z"}
{"level":"info","message":"Listening on port 8080...","timestamp":"2023-06-22T15:14:12.748Z"}
{"level":"info","message":"Connected to mongodb+srv://tallykota:Spce%401234@cluster0.jwn7gt2.mongodb.net/?retryWrites=true&w=majority...","timestamp":"2023-06-22T15:14:15.759Z"}
{"level":"info","message":"Listening on port 8080...","timestamp":"2023-06-22T15:14:25.658Z"}
{"level":"info","message":"Listening on port 8080...","timestamp":"2023-06-22T15:14:30.292Z"}
{"level":"info","message":"Listening on port 8080...","timestamp":"2023-06-22T15:14:33.782Z"}
{"level":"info","message":"Listening on port 8080...","timestamp":"2023-06-22T15:14:37.685Z"}
{"level":"info","message":"Listening on port 8080...","timestamp":"2023-06-22T15:14:40.724Z"}
{"level":"info","message":"Connected to mongodb+srv://tallykota:Spce%401234@cluster0.jwn7gt2.mongodb.net/?retryWrites=true&w=majority...","timestamp":"2023-06-22T15:14:43.616Z"}
{"level":"info","message":"Listening on port 8080...","timestamp":"2023-06-22T15:14:46.267Z"}
{"level":"info","message":"Listening on port 8080...","timestamp":"2023-06-22T15:14:51.031Z"}
{"level":"info","message":"Listening on port 8080...","timestamp":"2023-06-22T15:14:54.891Z"}
{"level":"info","message":"Listening on port 8080...","timestamp":"2023-06-22T15:14:57.696Z"}
{"level":"info","message":"Listening on port 8080...","timestamp":"2023-06-22T15:15:02.890Z"}
{"level":"info","message":"Listening on port 8080...","timestamp":"2023-06-22T15:15:06.505Z"}
{"level":"info","message":"Listening on port 8080...","timestamp":"2023-06-22T15:15:09.228Z"}
{"level":"info","message":"Connected to mongodb+srv://tallykota:Spce%401234@cluster0.jwn7gt2.mongodb.net/?retryWrites=true&w=majority...","timestamp":"2023-06-22T15:15:12.487Z"}
{"level":"info","message":"Listening on port 8080...","timestamp":"2023-06-22T15:15:47.461Z"}
{"level":"info","message":"Connected to mongodb+srv://tallykota:Spce%401234@cluster0.jwn7gt2.mongodb.net/?retryWrites=true&w=majority...","timestamp":"2023-06-22T15:15:50.469Z"}
{"level":"info","message":"Listening on port 8080...","timestamp":"2023-06-22T15:15:54.405Z"}
{"level":"info","message":"Connected to mongodb+srv://tallykota:Spce%401234@cluster0.jwn7gt2.mongodb.net/?retryWrites=true&w=majority...","timestamp":"2023-06-22T15:15:57.345Z"}
{"level":"info","message":"Listening on port 8080...","timestamp":"2023-06-22T15:15:59.897Z"}
{"level":"info","message":"Connected to mongodb+srv://tallykota:Spce%401234@cluster0.jwn7gt2.mongodb.net/?retryWrites=true&w=majority...","timestamp":"2023-06-22T15:16:03.063Z"}
{"level":"info","message":"Listening on port 8080...","timestamp":"2023-06-22T15:16:06.625Z"}
{"level":"info","message":"Listening on port 8080...","timestamp":"2023-06-22T15:16:09.949Z"}
{"level":"info","message":"Listening on port 8080...","timestamp":"2023-06-22T15:16:13.915Z"}
{"level":"info","message":"Listening on port 8080...","timestamp":"2023-06-22T15:16:17.901Z"}
{"level":"info","message":"Listening on port 8080...","timestamp":"2023-06-22T15:16:20.642Z"}
{"level":"info","message":"Listening on port 8080...","timestamp":"2023-06-22T15:16:24.721Z"}
{"level":"info","message":"Connected to mongodb+srv://tallykota:Spce%401234@cluster0.jwn7gt2.mongodb.net/?retryWrites=true&w=majority...","timestamp":"2023-06-22T15:16:27.644Z"}
{"level":"info","message":"Listening on port 8080...","timestamp":"2023-06-22T15:16:30.339Z"}
{"level":"info","message":"Listening on port 8080...","timestamp":"2023-06-22T15:16:33.650Z"}
{"level":"info","message":"Listening on port 8080...","timestamp":"2023-06-22T15:16:36.939Z"}
{"level":"info","message":"Listening on port 8080...","timestamp":"2023-06-22T15:16:39.787Z"}
{"level":"info","message":"Connected to mongodb+srv://tallykota:Spce%401234@cluster0.jwn7gt2.mongodb.net/?retryWrites=true&w=majority...","timestamp":"2023-06-22T15:16:42.719Z"}
{"level":"info","message":"Listening on port 8080...","timestamp":"2023-06-22T15:16:44.702Z"}
{"level":"info","message":"Connected to mongodb+srv://tallykota:Spce%401234@cluster0.jwn7gt2.mongodb.net/?retryWrites=true&w=majority...","timestamp":"2023-06-22T15:16:47.610Z"}
{"level":"info","message":"Listening on port 8080...","timestamp":"2023-06-22T15:17:05.464Z"}
{"level":"info","message":"Listening on port 8080...","timestamp":"2023-06-22T15:17:07.315Z"}
{"level":"info","message":"Connected to mongodb+srv://tallykota:Spce%401234@cluster0.jwn7gt2.mongodb.net/?retryWrites=true&w=majority...","timestamp":"2023-06-22T15:17:10.366Z"}
{"level":"info","message":"Listening on port 8080...","timestamp":"2023-06-22T15:17:17.433Z"}
{"level":"info","message":"Connected to mongodb+srv://tallykota:Spce%401234@cluster0.jwn7gt2.mongodb.net/?retryWrites=true&w=majority...","timestamp":"2023-06-22T15:17:20.136Z"}
{"level":"info","message":"Listening on port 8080...","timestamp":"2023-06-22T15:17:35.840Z"}
{"level":"info","message":"Listening on port 8080...","timestamp":"2023-06-22T15:17:40.294Z"}
{"level":"info","message":"Listening on port 8080...","timestamp":"2023-06-22T15:17:41.811Z"}
{"level":"info","message":"Connected to mongodb+srv://tallykota:Spce%401234@cluster0.jwn7gt2.mongodb.net/?retryWrites=true&w=majority...","timestamp":"2023-06-22T15:17:45.976Z"}
{"level":"info","message":"Listening on port 8080...","timestamp":"2023-06-22T15:17:49.611Z"}
{"level":"info","message":"Listening on port 8080...","timestamp":"2023-06-22T15:17:54.217Z"}
{"level":"info","message":"Listening on port 8080...","timestamp":"2023-06-22T15:17:57.697Z"}
{"level":"info","message":"Connected to mongodb+srv://tallykota:Spce%401234@cluster0.jwn7gt2.mongodb.net/?retryWrites=true&w=majority...","timestamp":"2023-06-22T15:18:01.130Z"}
{"level":"info","message":"Listening on port 8080...","timestamp":"2023-06-22T15:19:00.262Z"}
{"level":"info","message":"Listening on port 8080...","timestamp":"2023-06-22T15:19:03.934Z"}
{"level":"info","message":"Connected to mongodb+srv://tallykota:Spce%401234@cluster0.jwn7gt2.mongodb.net/?retryWrites=true&w=majority...","timestamp":"2023-06-22T15:19:07.787Z"}
{"level":"info","message":"Listening on port 8080...","timestamp":"2023-06-22T15:19:26.532Z"}
{"level":"info","message":"Listening on port 8080...","timestamp":"2023-06-22T15:19:28.222Z"}
{"level":"info","message":"Connected to mongodb+srv://tallykota:Spce%401234@cluster0.jwn7gt2.mongodb.net/?retryWrites=true&w=majority...","timestamp":"2023-06-22T15:19:31.126Z"}
{"level":"info","message":"Listening on port 8080...","timestamp":"2023-06-22T15:19:35.771Z"}
{"level":"info","message":"Listening on port 8080...","timestamp":"2023-06-22T15:19:39.570Z"}
{"level":"info","message":"Connected to mongodb+srv://tallykota:Spce%401234@cluster0.jwn7gt2.mongodb.net/?retryWrites=true&w=majority...","timestamp":"2023-06-22T15:19:42.399Z"}
{"level":"info","message":"Listening on port 8080...","timestamp":"2023-06-22T15:19:44.470Z"}
{"level":"info","message":"Connected to mongodb+srv://tallykota:Spce%401234@cluster0.jwn7gt2.mongodb.net/?retryWrites=true&w=majority...","timestamp":"2023-06-22T15:19:47.425Z"}
{"level":"info","message":"Listening on port 8080...","timestamp":"2023-06-22T15:19:49.959Z"}
{"level":"info","message":"Listening on port 8080...","timestamp":"2023-06-22T15:19:51.860Z"}
{"level":"info","message":"Listening on port 8080...","timestamp":"2023-06-22T15:19:56.709Z"}
{"level":"info","message":"Connected to mongodb+srv://tallykota:Spce%401234@cluster0.jwn7gt2.mongodb.net/?retryWrites=true&w=majority...","timestamp":"2023-06-22T15:19:59.904Z"}
{"level":"info","message":"Listening on port 8080...","timestamp":"2023-06-22T15:20:05.325Z"}
{"level":"info","message":"Connected to mongodb+srv://tallykota:Spce%401234@cluster0.jwn7gt2.mongodb.net/?retryWrites=true&w=majority...","timestamp":"2023-06-22T15:20:08.406Z"}
{"level":"info","message":"Listening on port 8080...","timestamp":"2023-06-22T15:20:18.789Z"}
{"level":"info","message":"Listening on port 8080...","timestamp":"2023-06-22T15:20:21.756Z"}
{"level":"info","message":"Listening on port 8080...","timestamp":"2023-06-22T15:20:23.544Z"}
{"level":"info","message":"Connected to mongodb+srv://tallykota:Spce%401234@cluster0.jwn7gt2.mongodb.net/?retryWrites=true&w=majority...","timestamp":"2023-06-22T15:20:26.631Z"}
{"level":"info","message":"Listening on port 8080...","timestamp":"2023-06-22T15:22:08.911Z"}
{"level":"info","message":"Listening on port 8080...","timestamp":"2023-06-22T15:22:10.485Z"}
{"level":"info","message":"Listening on port 8080...","timestamp":"2023-06-22T15:22:12.412Z"}
{"level":"info","message":"Listening on port 8080...","timestamp":"2023-06-22T15:22:23.038Z"}
{"level":"info","message":"Connected to mongodb+srv://tallykota:Spce%401234@cluster0.jwn7gt2.mongodb.net/?retryWrites=true&w=majority...","timestamp":"2023-06-22T15:22:25.949Z"}
{"level":"info","message":"Listening on port 8080...","timestamp":"2023-06-22T15:22:33.074Z"}
{"level":"info","message":"Listening on port 8080...","timestamp":"2023-06-22T15:22:35.970Z"}
{"level":"info","message":"Listening on port 8080...","timestamp":"2023-06-22T15:22:40.836Z"}
{"level":"info","message":"Listening on port 8080...","timestamp":"2023-06-22T15:22:47.833Z"}
{"level":"info","message":"Connected to mongodb+srv://tallykota:Spce%401234@cluster0.jwn7gt2.mongodb.net/?retryWrites=true&w=majority...","timestamp":"2023-06-22T15:22:50.754Z"}
{"level":"info","message":"Listening on port 8080...","timestamp":"2023-06-22T15:22:55.295Z"}
{"level":"info","message":"Listening on port 8080...","timestamp":"2023-06-22T15:22:56.656Z"}
{"level":"info","message":"Listening on port 8080...","timestamp":"2023-06-22T15:23:07.614Z"}
{"level":"info","message":"Listening on port 8080...","timestamp":"2023-06-22T15:23:09.459Z"}
{"level":"info","message":"Connected to mongodb+srv://tallykota:Spce%401234@cluster0.jwn7gt2.mongodb.net/?retryWrites=true&w=majority...","timestamp":"2023-06-22T15:23:12.404Z"}
{"level":"info","message":"Listening on port 8080...","timestamp":"2023-06-22T15:23:14.456Z"}
{"level":"info","message":"Connected to mongodb+srv://tallykota:Spce%401234@cluster0.jwn7gt2.mongodb.net/?retryWrites=true&w=majority...","timestamp":"2023-06-22T15:23:17.320Z"}
{"level":"info","message":"Listening on port 8080...","timestamp":"2023-06-22T15:23:20.433Z"}
{"level":"info","message":"Listening on port 8080...","timestamp":"2023-06-22T15:23:24.276Z"}
{"level":"info","message":"Listening on port 8080...","timestamp":"2023-06-22T15:23:29.383Z"}
{"level":"info","message":"Listening on port 8080...","timestamp":"2023-06-22T15:23:31.708Z"}
{"level":"info","message":"Listening on port 8080...","timestamp":"2023-06-22T15:23:35.034Z"}
{"level":"info","message":"Listening on port 8080...","timestamp":"2023-06-22T15:23:37.015Z"}
{"level":"info","message":"Listening on port 8080...","timestamp":"2023-06-22T15:23:43.779Z"}
{"level":"info","message":"Listening on port 8080...","timestamp":"2023-06-22T15:23:46.395Z"}
{"level":"info","message":"Listening on port 8080...","timestamp":"2023-06-22T15:23:47.869Z"}
{"level":"info","message":"Listening on port 8080...","timestamp":"2023-06-22T15:23:49.086Z"}
{"level":"info","message":"Listening on port 8080...","timestamp":"2023-06-22T15:23:51.979Z"}
{"level":"info","message":"Listening on port 8080...","timestamp":"2023-06-22T15:24:05.554Z"}
{"level":"info","message":"Listening on port 8080...","timestamp":"2023-06-22T15:24:11.900Z"}
{"level":"info","message":"Listening on port 8080...","timestamp":"2023-06-22T15:24:19.015Z"}
{"level":"info","message":"Connected to mongodb+srv://tallykota:Spce%401234@cluster0.jwn7gt2.mongodb.net/?retryWrites=true&w=majority...","timestamp":"2023-06-22T15:24:27.046Z"}
{"level":"info","message":"Listening on port 8080...","timestamp":"2023-06-22T15:25:25.654Z"}
{"level":"info","message":"Connected to mongodb+srv://tallykota:Spce%401234@cluster0.jwn7gt2.mongodb.net/?retryWrites=true&w=majority...","timestamp":"2023-06-22T15:25:28.896Z"}
{"level":"info","message":"Listening on port 8080...","timestamp":"2023-06-22T15:25:33.734Z"}
{"level":"info","message":"Connected to mongodb+srv://tallykota:Spce%401234@cluster0.jwn7gt2.mongodb.net/?retryWrites=true&w=majority...","timestamp":"2023-06-22T15:25:36.576Z"}
{"level":"info","message":"Listening on port 8080...","timestamp":"2023-06-22T15:25:55.122Z"}
{"level":"info","message":"Connected to mongodb+srv://tallykota:Spce%401234@cluster0.jwn7gt2.mongodb.net/?retryWrites=true&w=majority...","timestamp":"2023-06-22T15:25:58.293Z"}
{"level":"info","message":"Listening on port 8080...","timestamp":"2023-06-22T15:26:10.118Z"}
{"level":"info","message":"Listening on port 8080...","timestamp":"2023-06-22T15:26:17.082Z"}
{"level":"info","message":"Connected to mongodb+srv://tallykota:Spce%401234@cluster0.jwn7gt2.mongodb.net/?retryWrites=true&w=majority...","timestamp":"2023-06-22T15:26:19.986Z"}
{"level":"info","message":"Listening on port 8080...","timestamp":"2023-06-22T15:26:23.882Z"}
{"level":"info","message":"Connected to mongodb+srv://tallykota:Spce%401234@cluster0.jwn7gt2.mongodb.net/?retryWrites=true&w=majority...","timestamp":"2023-06-22T15:26:31.764Z"}
{"level":"info","message":"Listening on port 8080...","timestamp":"2023-06-22T15:27:18.808Z"}
{"level":"info","message":"Listening on port 8080...","timestamp":"2023-06-22T15:27:20.388Z"}
{"level":"info","message":"Connected to mongodb+srv://tallykota:Spce%401234@cluster0.jwn7gt2.mongodb.net/?retryWrites=true&w=majority...","timestamp":"2023-06-22T15:27:23.615Z"}
{"level":"info","message":"Listening on port 8080...","timestamp":"2023-06-22T15:27:25.803Z"}
{"level":"info","message":"Listening on port 8080...","timestamp":"2023-06-22T15:27:27.678Z"}
{"level":"info","message":"Connected to mongodb+srv://tallykota:Spce%401234@cluster0.jwn7gt2.mongodb.net/?retryWrites=true&w=majority...","timestamp":"2023-06-22T15:27:30.471Z"}
{"level":"info","message":"Listening on port 8080...","timestamp":"2023-06-22T15:27:33.911Z"}
{"level":"info","message":"Listening on port 8080...","timestamp":"2023-06-22T15:27:35.680Z"}
{"level":"info","message":"Connected to mongodb+srv://tallykota:Spce%401234@cluster0.jwn7gt2.mongodb.net/?retryWrites=true&w=majority...","timestamp":"2023-06-22T15:27:38.625Z"}
{"level":"info","message":"Listening on port 8080...","timestamp":"2023-06-22T15:28:17.818Z"}
{"level":"info","message":"Listening on port 8080...","timestamp":"2023-06-22T15:28:24.441Z"}
{"level":"info","message":"Listening on port 8080...","timestamp":"2023-06-22T15:28:26.094Z"}
{"level":"info","message":"Listening on port 8080...","timestamp":"2023-06-22T15:28:29.098Z"}
{"level":"info","message":"Listening on port 8080...","timestamp":"2023-06-22T15:28:30.911Z"}
{"level":"info","message":"Connected to mongodb+srv://tallykota:Spce%401234@cluster0.jwn7gt2.mongodb.net/?retryWrites=true&w=majority...","timestamp":"2023-06-22T15:28:34.024Z"}
{"level":"info","message":"Listening on port 8080...","timestamp":"2023-06-22T15:28:38.136Z"}
{"level":"info","message":"Connected to mongodb+srv://tallykota:Spce%401234@cluster0.jwn7gt2.mongodb.net/?retryWrites=true&w=majority...","timestamp":"2023-06-22T15:28:40.672Z"}
{"level":"info","message":"Listening on port 8080...","timestamp":"2023-06-22T15:28:42.526Z"}
{"level":"info","message":"Listening on port 8080...","timestamp":"2023-06-22T15:28:45.323Z"}
{"level":"info","message":"Listening on port 8080...","timestamp":"2023-06-22T15:28:47.853Z"}
{"level":"info","message":"Listening on port 8080...","timestamp":"2023-06-22T15:28:54.254Z"}
{"level":"info","message":"Listening on port 8080...","timestamp":"2023-06-22T15:28:58.526Z"}
{"level":"info","message":"Listening on port 8080...","timestamp":"2023-06-22T15:29:05.946Z"}
{"level":"info","message":"Listening on port 8080...","timestamp":"2023-06-22T15:29:09.611Z"}
{"level":"info","message":"Connected to mongodb+srv://tallykota:Spce%401234@cluster0.jwn7gt2.mongodb.net/?retryWrites=true&w=majority...","timestamp":"2023-06-22T15:29:12.722Z"}
{"level":"info","message":"Listening on port 8080...","timestamp":"2023-06-22T15:29:14.965Z"}
{"level":"info","message":"Listening on port 8080...","timestamp":"2023-06-22T15:29:19.860Z"}
{"level":"info","message":"Connected to mongodb+srv://tallykota:Spce%401234@cluster0.jwn7gt2.mongodb.net/?retryWrites=true&w=majority...","timestamp":"2023-06-22T15:29:22.891Z"}
{"level":"info","message":"Listening on port 8080...","timestamp":"2023-06-22T15:29:28.025Z"}
{"level":"info","message":"Connected to mongodb+srv://tallykota:Spce%401234@cluster0.jwn7gt2.mongodb.net/?retryWrites=true&w=majority...","timestamp":"2023-06-22T15:29:31.365Z"}
{"level":"info","message":"Listening on port 8080...","timestamp":"2023-06-22T15:29:45.918Z"}
{"level":"info","message":"Listening on port 8080...","timestamp":"2023-06-22T15:29:48.720Z"}
{"level":"info","message":"Listening on port 8080...","timestamp":"2023-06-22T15:29:58.322Z"}
{"level":"info","message":"Listening on port 8080...","timestamp":"2023-06-22T15:30:01.262Z"}
{"level":"info","message":"Listening on port 8080...","timestamp":"2023-06-22T15:30:02.890Z"}
{"level":"info","message":"Connected to mongodb+srv://tallykota:Spce%401234@cluster0.jwn7gt2.mongodb.net/?retryWrites=true&w=majority...","timestamp":"2023-06-22T15:30:05.660Z"}
{"level":"info","message":"Listening on port 8080...","timestamp":"2023-06-22T15:30:32.537Z"}
{"level":"info","message":"Connected to mongodb+srv://tallykota:Spce%401234@cluster0.jwn7gt2.mongodb.net/?retryWrites=true&w=majority...","timestamp":"2023-06-22T15:30:36.684Z"}
{"level":"info","message":"Listening on port 8080...","timestamp":"2023-06-22T15:30:51.849Z"}
{"level":"info","message":"Connected to mongodb+srv://tallykota:Spce%401234@cluster0.jwn7gt2.mongodb.net/?retryWrites=true&w=majority...","timestamp":"2023-06-22T15:30:54.719Z"}
{"level":"info","message":"Listening on port 8080...","timestamp":"2023-06-22T15:31:02.073Z"}
{"level":"info","message":"Connected to mongodb+srv://tallykota:Spce%401234@cluster0.jwn7gt2.mongodb.net/?retryWrites=true&w=majority...","timestamp":"2023-06-22T15:31:04.835Z"}
{"level":"info","message":"Listening on port 8080...","timestamp":"2023-06-22T15:31:14.355Z"}
{"level":"info","message":"Listening on port 8080...","timestamp":"2023-06-22T15:31:18.597Z"}
{"level":"info","message":"Listening on port 8080...","timestamp":"2023-06-22T15:31:22.141Z"}
{"level":"info","message":"Connected to mongodb+srv://tallykota:Spce%401234@cluster0.jwn7gt2.mongodb.net/?retryWrites=true&w=majority...","timestamp":"2023-06-22T15:31:25.042Z"}
{"level":"info","message":"Listening on port 8080...","timestamp":"2023-06-22T15:31:34.266Z"}
{"level":"info","message":"Connected to mongodb+srv://tallykota:Spce%401234@cluster0.jwn7gt2.mongodb.net/?retryWrites=true&w=majority...","timestamp":"2023-06-22T15:31:37.441Z"}
{"level":"info","message":"Listening on port 8080...","timestamp":"2023-06-22T15:31:47.075Z"}
{"level":"info","message":"Listening on port 8080...","timestamp":"2023-06-22T15:31:54.598Z"}
{"level":"info","message":"Listening on port 8080...","timestamp":"2023-06-22T15:32:00.751Z"}
{"level":"info","message":"Listening on port 8080...","timestamp":"2023-06-22T15:32:03.171Z"}
{"level":"info","message":"Listening on port 8080...","timestamp":"2023-06-22T15:32:06.170Z"}
{"level":"info","message":"Connected to mongodb+srv://tallykota:Spce%401234@cluster0.jwn7gt2.mongodb.net/?retryWrites=true&w=majority...","timestamp":"2023-06-22T15:32:08.879Z"}
{"level":"info","message":"Listening on port 8080...","timestamp":"2023-06-22T15:32:10.355Z"}
{"level":"info","message":"Connected to mongodb+srv://tallykota:Spce%401234@cluster0.jwn7gt2.mongodb.net/?retryWrites=true&w=majority...","timestamp":"2023-06-22T15:32:15.108Z"}
{"level":"info","message":"Listening on port 8080...","timestamp":"2023-06-22T15:32:20.760Z"}
{"level":"info","message":"Listening on port 8080...","timestamp":"2023-06-22T15:32:23.276Z"}
{"level":"info","message":"Listening on port 8080...","timestamp":"2023-06-22T15:32:29.096Z"}
{"level":"info","message":"Listening on port 8080...","timestamp":"2023-06-22T15:32:35.250Z"}
{"level":"info","message":"Listening on port 8080...","timestamp":"2023-06-22T15:32:42.494Z"}
{"level":"info","message":"Connected to mongodb+srv://tallykota:Spce%401234@cluster0.jwn7gt2.mongodb.net/?retryWrites=true&w=majority...","timestamp":"2023-06-22T15:32:45.494Z"}
{"level":"info","message":"Listening on port 8080...","timestamp":"2023-06-22T15:32:52.346Z"}
{"level":"info","message":"Listening on port 8080...","timestamp":"2023-06-22T15:32:54.983Z"}
{"level":"info","message":"Connected to mongodb+srv://tallykota:Spce%401234@cluster0.jwn7gt2.mongodb.net/?retryWrites=true&w=majority...","timestamp":"2023-06-22T15:32:57.882Z"}
{"level":"info","message":"Listening on port 8080...","timestamp":"2023-06-26T15:14:55.245Z"}
{"level":"info","message":"Listening on port 8080...","timestamp":"2023-06-26T15:15:05.403Z"}
{"level":"info","message":"Listening on port 8080...","timestamp":"2023-06-26T15:15:17.436Z"}
{"level":"info","message":"Listening on port 8080...","timestamp":"2023-06-26T15:15:27.268Z"}
{"level":"info","message":"Listening on port 8080...","timestamp":"2023-06-26T15:15:37.918Z"}
{"level":"info","message":"Listening on port 8080...","timestamp":"2023-06-26T15:15:49.675Z"}
{"level":"info","message":"Listening on port 8080...","timestamp":"2023-06-26T15:15:58.782Z"}
{"level":"info","message":"Listening on port 8080...","timestamp":"2023-06-26T15:16:29.268Z"}
{"level":"info","message":"Listening on port 8080...","timestamp":"2023-06-26T15:16:43.970Z"}
{"level":"info","message":"Listening on port 8080...","timestamp":"2023-06-26T15:16:50.641Z"}
{"level":"info","message":"Listening on port 8080...","timestamp":"2023-06-26T15:16:56.495Z"}
{"level":"info","message":"Listening on port 8080...","timestamp":"2023-06-26T15:17:00.815Z"}
{"level":"info","message":"Listening on port 8080...","timestamp":"2023-06-26T15:17:05.990Z"}
{"level":"info","message":"Listening on port 8080...","timestamp":"2023-06-26T15:17:09.745Z"}
{"level":"info","message":"Listening on port 8080...","timestamp":"2023-06-26T15:17:14.557Z"}
{"level":"info","message":"Listening on port 8080...","timestamp":"2023-06-26T15:17:56.702Z"}
{"level":"info","message":"Listening on port 8080...","timestamp":"2023-06-26T15:18:05.815Z"}
{"level":"info","message":"Listening on port 8080...","timestamp":"2023-06-26T15:18:25.368Z"}
{"level":"info","message":"Listening on port 8080...","timestamp":"2023-06-26T15:19:04.164Z"}
{"level":"info","message":"Listening on port 8080...","timestamp":"2023-06-26T15:19:08.209Z"}
{"level":"info","message":"Listening on port 8080...","timestamp":"2023-06-26T15:19:13.528Z"}
{"level":"info","message":"Listening on port 8080...","timestamp":"2023-06-26T15:19:20.075Z"}
{"level":"info","message":"Listening on port 8080...","timestamp":"2023-06-26T15:19:25.139Z"}
{"level":"info","message":"Listening on port 8080...","timestamp":"2023-06-26T15:19:30.567Z"}
{"level":"info","message":"Listening on port 8080...","timestamp":"2023-06-26T15:19:47.130Z"}
{"level":"info","message":"Listening on port 8080...","timestamp":"2023-06-26T15:20:16.867Z"}
{"level":"info","message":"Listening on port 8080...","timestamp":"2023-06-26T15:20:20.818Z"}
{"level":"info","message":"Listening on port 8080...","timestamp":"2023-06-26T15:20:35.488Z"}
{"level":"info","message":"Listening on port 8080...","timestamp":"2023-06-26T15:20:38.008Z"}
{"level":"info","message":"Listening on port 8080...","timestamp":"2023-06-26T15:21:46.047Z"}
{"level":"info","message":"Listening on port 8080...","timestamp":"2023-06-26T15:22:17.029Z"}
{"level":"info","message":"Listening on port 8080...","timestamp":"2023-06-26T15:22:39.273Z"}
{"level":"info","message":"Listening on port 8080...","timestamp":"2023-06-26T15:22:43.120Z"}
{"level":"info","message":"Listening on port 8080...","timestamp":"2023-06-26T15:23:00.767Z"}
{"level":"info","message":"Listening on port 8080...","timestamp":"2023-06-26T15:23:04.459Z"}
{"level":"info","message":"Listening on port 8080...","timestamp":"2023-06-26T15:23:07.159Z"}
{"level":"info","message":"Listening on port 8080...","timestamp":"2023-06-26T15:23:08.461Z"}
{"level":"info","message":"Listening on port 8080...","timestamp":"2023-06-26T15:23:12.263Z"}
{"level":"info","message":"Listening on port 8080...","timestamp":"2023-06-26T15:24:07.119Z"}
{"level":"info","message":"Listening on port 8080...","timestamp":"2023-06-26T15:24:21.686Z"}
{"level":"info","message":"Listening on port 8080...","timestamp":"2023-06-26T15:24:33.583Z"}
{"level":"info","message":"Listening on port 8080...","timestamp":"2023-06-26T15:24:38.547Z"}
{"level":"info","message":"Listening on port 8080...","timestamp":"2023-06-26T15:24:43.483Z"}
{"level":"info","message":"Listening on port 8080...","timestamp":"2023-06-26T15:24:55.437Z"}
{"level":"info","message":"Listening on port 8080...","timestamp":"2023-06-26T15:24:57.800Z"}
{"level":"info","message":"Listening on port 8080...","timestamp":"2023-06-26T15:25:01.030Z"}
{"level":"info","message":"Listening on port 8080...","timestamp":"2023-06-26T15:25:12.965Z"}
{"level":"info","message":"Listening on port 8080...","timestamp":"2023-06-26T15:25:15.546Z"}
{"level":"info","message":"Listening on port 8080...","timestamp":"2023-06-26T15:25:18.754Z"}
{"level":"info","message":"Listening on port 8080...","timestamp":"2023-06-26T15:25:32.788Z"}
{"level":"info","message":"Listening on port 8080...","timestamp":"2023-06-26T15:26:05.643Z"}
{"level":"info","message":"Listening on port 8080...","timestamp":"2023-06-26T15:26:23.016Z"}
{"level":"info","message":"Listening on port 8080...","timestamp":"2023-06-26T15:26:38.369Z"}
{"level":"info","message":"Listening on port 8080...","timestamp":"2023-06-26T15:26:58.781Z"}
{"level":"info","message":"Listening on port 8080...","timestamp":"2023-06-26T15:27:00.995Z"}
{"level":"info","message":"Listening on port 8080...","timestamp":"2023-06-26T15:27:05.506Z"}
{"level":"info","message":"Listening on port 8080...","timestamp":"2023-06-26T15:27:10.902Z"}
{"level":"info","message":"Listening on port 8080...","timestamp":"2023-06-26T15:27:14.210Z"}
{"level":"info","message":"Listening on port 8080...","timestamp":"2023-06-26T15:27:17.514Z"}
{"level":"info","message":"Listening on port 8080...","timestamp":"2023-06-26T15:27:19.702Z"}
{"level":"info","message":"Listening on port 8080...","timestamp":"2023-06-26T15:27:32.012Z"}
{"level":"info","message":"Listening on port 8080...","timestamp":"2023-06-26T15:27:36.399Z"}
{"level":"info","message":"Listening on port 8080...","timestamp":"2023-06-26T15:27:46.025Z"}
{"level":"info","message":"Listening on port 8080...","timestamp":"2023-06-26T15:27:49.168Z"}
{"level":"info","message":"Listening on port 8080...","timestamp":"2023-06-26T15:27:51.218Z"}
{"level":"info","message":"Listening on port 8080...","timestamp":"2023-06-26T15:28:15.927Z"}
{"level":"info","message":"Listening on port 8080...","timestamp":"2023-06-26T15:28:18.509Z"}
{"level":"info","message":"Listening on port 8080...","timestamp":"2023-06-26T15:28:21.255Z"}
{"level":"info","message":"Listening on port 8080...","timestamp":"2023-06-26T15:28:30.687Z"}
{"level":"info","message":"Listening on port 8080...","timestamp":"2023-06-26T15:28:46.701Z"}
{"level":"info","message":"Listening on port 8080...","timestamp":"2023-06-26T15:29:22.802Z"}
{"level":"info","message":"Listening on port 8080...","timestamp":"2023-06-26T15:29:58.266Z"}
{"level":"info","message":"Listening on port 8080...","timestamp":"2023-06-26T15:30:01.202Z"}
{"level":"info","message":"Listening on port 8080...","timestamp":"2023-06-26T15:30:13.382Z"}
{"level":"info","message":"Listening on port 8080...","timestamp":"2023-06-26T15:30:18.129Z"}
{"level":"info","message":"Listening on port 8080...","timestamp":"2023-06-26T15:30:21.846Z"}
{"level":"info","message":"Listening on port 8080...","timestamp":"2023-06-26T15:30:25.602Z"}
{"level":"info","message":"Listening on port 8080...","timestamp":"2023-06-26T15:30:33.607Z"}
{"level":"info","message":"Listening on port 8080...","timestamp":"2023-06-26T15:30:38.940Z"}
{"level":"info","message":"Listening on port 8080...","timestamp":"2023-06-26T15:30:44.223Z"}
{"level":"info","message":"Listening on port 8080...","timestamp":"2023-06-26T15:30:47.716Z"}
{"level":"info","message":"Listening on port 8080...","timestamp":"2023-06-26T15:30:51.156Z"}
{"level":"info","message":"Listening on port 8080...","timestamp":"2023-06-26T15:30:54.703Z"}
{"level":"info","message":"Listening on port 8080...","timestamp":"2023-06-26T15:31:03.691Z"}
{"level":"info","message":"Listening on port 8080...","timestamp":"2023-06-26T15:31:12.723Z"}
{"level":"info","message":"Listening on port 8080...","timestamp":"2023-06-26T15:31:17.283Z"}
{"level":"info","message":"Listening on port 8080...","timestamp":"2023-06-26T15:33:32.485Z"}
{"level":"info","message":"Listening on port 8080...","timestamp":"2023-06-26T15:33:36.510Z"}
{"level":"info","message":"Listening on port 8080...","timestamp":"2023-06-26T15:33:37.706Z"}
{"level":"info","message":"Listening on port 8080...","timestamp":"2023-06-26T15:34:27.447Z"}
{"level":"info","message":"Listening on port 8080...","timestamp":"2023-06-26T15:34:40.892Z"}
{"level":"info","message":"Listening on port 8080...","timestamp":"2023-06-26T15:34:46.411Z"}
{"level":"info","message":"Listening on port 8080...","timestamp":"2023-06-26T15:34:49.378Z"}
{"level":"info","message":"Listening on port 8080...","timestamp":"2023-06-26T15:35:24.534Z"}
{"level":"info","message":"Listening on port 8080...","timestamp":"2023-06-26T15:35:28.748Z"}
{"level":"info","message":"Listening on port 8080...","timestamp":"2023-06-26T15:35:38.701Z"}
{"level":"info","message":"Listening on port 8080...","timestamp":"2023-06-26T15:35:42.658Z"}
{"level":"info","message":"Listening on port 8080...","timestamp":"2023-06-26T15:35:46.276Z"}
{"level":"info","message":"Listening on port 8080...","timestamp":"2023-06-26T15:35:58.575Z"}
{"level":"info","message":"Listening on port 8080...","timestamp":"2023-06-26T15:36:01.382Z"}
{"level":"info","message":"Listening on port 8080...","timestamp":"2023-06-26T15:36:04.227Z"}
{"level":"info","message":"Listening on port 8080...","timestamp":"2023-06-26T15:36:18.128Z"}
{"level":"info","message":"Listening on port 8080...","timestamp":"2023-06-26T15:36:21.564Z"}
{"level":"info","message":"Listening on port 8080...","timestamp":"2023-06-26T15:36:26.737Z"}
{"level":"info","message":"Listening on port 8080...","timestamp":"2023-06-26T15:36:34.838Z"}
{"level":"info","message":"Listening on port 8080...","timestamp":"2023-06-26T15:36:39.856Z"}
{"level":"info","message":"Listening on port 8080...","timestamp":"2023-06-26T15:36:43.999Z"}
{"level":"info","message":"Listening on port 8080...","timestamp":"2023-06-26T15:36:50.457Z"}
{"level":"info","message":"Listening on port 8080...","timestamp":"2023-06-26T15:36:53.668Z"}
{"level":"info","message":"Listening on port 8080...","timestamp":"2023-06-26T15:36:56.930Z"}
{"level":"info","message":"Listening on port 8080...","timestamp":"2023-06-26T15:37:00.509Z"}
{"level":"info","message":"Listening on port 8080...","timestamp":"2023-06-26T15:37:04.240Z"}
{"level":"info","message":"Listening on port 8080...","timestamp":"2023-06-26T15:37:07.422Z"}
{"level":"info","message":"Listening on port 8080...","timestamp":"2023-06-26T15:37:09.973Z"}
{"level":"info","message":"Listening on port 8080...","timestamp":"2023-06-26T15:37:30.224Z"}
{"level":"info","message":"Listening on port 8080...","timestamp":"2023-06-26T15:37:31.799Z"}
{"level":"info","message":"Listening on port 8080...","timestamp":"2023-06-26T15:37:44.031Z"}
{"level":"info","message":"Listening on port 8080...","timestamp":"2023-06-26T15:37:52.264Z"}
{"level":"info","message":"Listening on port 8080...","timestamp":"2023-06-26T15:38:29.995Z"}
{"level":"info","message":"Listening on port 8080...","timestamp":"2023-06-26T15:38:40.841Z"}
{"level":"info","message":"Listening on port 8080...","timestamp":"2023-06-26T15:41:50.534Z"}
{"level":"info","message":"Listening on port 8080...","timestamp":"2023-06-26T15:42:39.160Z"}
{"level":"info","message":"Listening on port 8080...","timestamp":"2023-06-26T15:42:53.157Z"}
{"level":"info","message":"Listening on port 8080...","timestamp":"2023-06-26T15:44:53.301Z"}
{"level":"info","message":"Listening on port 8080...","timestamp":"2023-06-26T15:45:02.166Z"}
{"level":"info","message":"Listening on port 8080...","timestamp":"2023-06-26T15:45:13.445Z"}
{"level":"info","message":"Listening on port 8080...","timestamp":"2023-06-26T15:45:17.579Z"}
{"level":"info","message":"Listening on port 8080...","timestamp":"2023-06-26T15:45:33.178Z"}
{"level":"info","message":"Listening on port 8080...","timestamp":"2023-06-26T15:45:37.152Z"}
{"level":"info","message":"Listening on port 8080...","timestamp":"2023-06-26T15:45:38.453Z"}
{"level":"info","message":"Listening on port 8080...","timestamp":"2023-06-26T15:45:40.918Z"}
{"level":"info","message":"Listening on port 8080...","timestamp":"2023-06-26T15:45:53.671Z"}
{"level":"info","message":"Listening on port 8080...","timestamp":"2023-06-26T15:46:09.681Z"}
{"level":"info","message":"Listening on port 8080...","timestamp":"2023-06-26T15:46:12.946Z"}
{"level":"info","message":"Listening on port 8080...","timestamp":"2023-06-26T15:46:14.502Z"}
{"level":"info","message":"Listening on port 8080...","timestamp":"2023-06-26T15:46:19.364Z"}
{"level":"info","message":"Listening on port 8080...","timestamp":"2023-06-26T15:46:27.226Z"}
{"level":"info","message":"Listening on port 8080...","timestamp":"2023-06-26T17:10:25.386Z"}
{"level":"info","message":"Listening on port 8080...","timestamp":"2023-06-26T17:10:38.483Z"}
{"level":"info","message":"Listening on port 8080...","timestamp":"2023-06-26T17:10:43.049Z"}
{"level":"info","message":"Listening on port 8080...","timestamp":"2023-06-26T17:10:46.049Z"}
{"level":"info","message":"Listening on port 8080...","timestamp":"2023-06-26T17:11:27.960Z"}
{"level":"info","message":"Listening on port 8080...","timestamp":"2023-06-26T17:11:41.627Z"}
{"level":"info","message":"Listening on port 8080...","timestamp":"2023-06-26T17:11:45.534Z"}
{"level":"info","message":"Listening on port 8080...","timestamp":"2023-06-26T17:11:59.303Z"}
{"level":"info","message":"Listening on port 8080...","timestamp":"2023-06-26T17:12:02.813Z"}
{"level":"info","message":"Listening on port 8080...","timestamp":"2023-06-26T17:12:07.459Z"}
{"level":"info","message":"Listening on port 8080...","timestamp":"2023-06-26T17:12:12.185Z"}
{"level":"info","message":"Listening on port 8080...","timestamp":"2023-06-26T17:12:23.462Z"}
{"level":"info","message":"Listening on port 8080...","timestamp":"2023-06-26T17:12:35.424Z"}
{"level":"info","message":"Listening on port 8080...","timestamp":"2023-06-26T17:12:39.349Z"}
{"level":"info","message":"Listening on port 8080...","timestamp":"2023-06-26T17:12:42.974Z"}
{"level":"info","message":"Listening on port 8080...","timestamp":"2023-06-26T17:12:51.735Z"}
{"level":"info","message":"Listening on port 8080...","timestamp":"2023-06-26T17:12:55.383Z"}
{"level":"info","message":"Listening on port 8080...","timestamp":"2023-06-26T17:12:59.724Z"}
{"level":"info","message":"Listening on port 8080...","timestamp":"2023-06-26T17:13:08.675Z"}
{"level":"info","message":"Listening on port 8080...","timestamp":"2023-06-26T17:13:15.868Z"}
{"level":"info","message":"Listening on port 8080...","timestamp":"2023-06-26T17:13:20.030Z"}
{"level":"info","message":"Listening on port 8080...","timestamp":"2023-06-26T17:13:23.599Z"}
{"level":"info","message":"Listening on port 8080...","timestamp":"2023-06-26T17:13:27.686Z"}
{"level":"info","message":"Listening on port 8080...","timestamp":"2023-06-26T17:13:31.417Z"}
{"level":"info","message":"Listening on port 8080...","timestamp":"2023-06-26T17:13:34.355Z"}
{"level":"info","message":"Listening on port 8080...","timestamp":"2023-06-26T17:13:38.256Z"}
{"level":"info","message":"Listening on port 8080...","timestamp":"2023-06-26T17:13:40.541Z"}
{"level":"info","message":"Listening on port 8080...","timestamp":"2023-06-26T17:13:42.608Z"}
{"level":"info","message":"Listening on port 8080...","timestamp":"2023-06-26T17:13:47.827Z"}
{"level":"info","message":"Listening on port 8080...","timestamp":"2023-06-26T17:13:51.108Z"}
{"level":"info","message":"Listening on port 8080...","timestamp":"2023-06-26T17:13:54.703Z"}
{"level":"info","message":"Listening on port 8080...","timestamp":"2023-06-26T17:14:00.129Z"}
{"level":"info","message":"Listening on port 8080...","timestamp":"2023-06-26T17:14:05.218Z"}
{"level":"info","message":"Listening on port 8080...","timestamp":"2023-06-26T17:14:24.288Z"}
{"level":"info","message":"Listening on port 8080...","timestamp":"2023-06-26T17:14:28.212Z"}
{"level":"info","message":"Listening on port 8080...","timestamp":"2023-06-26T17:14:30.815Z"}
{"level":"info","message":"Listening on port 8080...","timestamp":"2023-06-26T17:14:34.560Z"}
{"level":"info","message":"Listening on port 8080...","timestamp":"2023-06-26T17:14:37.506Z"}
{"level":"info","message":"Listening on port 8080...","timestamp":"2023-06-26T17:14:40.391Z"}
{"level":"info","message":"Listening on port 8080...","timestamp":"2023-06-26T17:14:54.262Z"}
{"level":"info","message":"Listening on port 8080...","timestamp":"2023-06-26T17:14:56.267Z"}
{"level":"info","message":"Listening on port 8080...","timestamp":"2023-06-26T17:15:04.697Z"}
{"level":"info","message":"Listening on port 8080...","timestamp":"2023-06-26T17:15:07.737Z"}
{"level":"info","message":"Listening on port 8080...","timestamp":"2023-06-26T17:16:32.848Z"}
{"level":"info","message":"Listening on port 8080...","timestamp":"2023-06-26T17:16:37.398Z"}
{"level":"info","message":"Listening on port 8080...","timestamp":"2023-06-26T17:16:41.725Z"}
{"level":"info","message":"Listening on port 8080...","timestamp":"2023-06-26T17:19:42.704Z"}
{"level":"info","message":"Connected to mongodb+srv://tallykota:Spce%401234@cluster0.jwn7gt2.mongodb.net/?retryWrites=true&w=majority...","timestamp":"2023-06-26T17:19:46.282Z"}
